<?xml version="1.0" encoding="UTF-8"?>
<!-- Generated by org.testng.reporters.JUnitXMLReporter -->
<testsuite ignored="1" hostname="Lenovo55" failures="1" tests="1" name="Test" time="0.499" errors="0" timestamp="2024-06-29T20:16:03 IST">
  <testcase classname="com.orangehrm.test.LoginTest" name="loginWithValidUsernameAndValidPassword" time="0.46">
    <failure type="java.lang.IllegalArgumentException" message="Keys to send should be a not null CharSequence">
      <![CDATA[java.lang.IllegalArgumentException: Keys to send should be a not null CharSequence
at org.openqa.selenium.remote.RemoteWebElement.sendKeys(RemoteWebElement.java:96)
at org.openqa.selenium.support.pagefactory.internal.LocatingElementHandler.invoke(LocatingElementHandler.java:51)
at jdk.proxy2/jdk.proxy2.$Proxy35.sendKeys(Unknown Source)
at com.orangehrm.pages.LoginPage.loginToApplication(LoginPage.java:34)
at com.orangehrm.test.LoginTest.loginWithValidUsernameAndValidPassword(LoginTest.java:20)
at java.base/java.util.ArrayList.forEach(ArrayList.java:1597)
... Removed 27 stack frames]]>
    </failure>
  </testcase> <!-- loginWithValidUsernameAndValidPassword -->
  <testcase classname="com.orangehrm.test.BaseTest" name="@BeforeSuite initDriver" time="0.0">
    <ignored/>
  </testcase> <!-- @BeforeSuite initDriver -->
</testsuite> <!-- Test -->
