<?xml version="1.0" encoding="UTF-8"?>
<!-- Generated by org.testng.reporters.JUnitXMLReporter -->
<testsuite ignored="0" hostname="Lenovo55" failures="0" tests="3" name="Test" time="18.668" errors="0" timestamp="2024-06-29T20:27:54 IST">
  <testcase classname="com.learning.OrangeHRMTest" name="login" time="15.853"/>
  <testcase classname="com.learning.OrangeHRMTest" name="testAdmin" time="1.795"/>
  <testcase classname="com.learning.OrangeHRMTest" name="testLogout" time="0.977"/>
</testsuite> <!-- Test -->
