<?xml version="1.0" encoding="UTF-8"?>
<testng-results ignored="0" total="3" passed="3" failed="0" skipped="0">
  <reporter-output>
  </reporter-output>
  <suite started-at="2024-06-29T20:27:35 IST" name="Suite" finished-at="2024-06-29T20:27:54 IST" duration-ms="18668">
    <groups>
    </groups>
    <test started-at="2024-06-29T20:27:35 IST" name="Test" finished-at="2024-06-29T20:27:54 IST" duration-ms="18668">
      <class name="com.learning.OrangeHRMTest">
        <test-method signature="login()[pri:0, instance:com.learning.OrangeHRMTest@32eff876]" started-at="2024-06-29T20:27:36 IST" name="login" finished-at="2024-06-29T20:27:51 IST" duration-ms="15853" status="PASS">
          <reporter-output>
          </reporter-output>
        </test-method> <!-- login -->
        <test-method signature="testAdmin()[pri:0, instance:com.learning.OrangeHRMTest@32eff876]" started-at="2024-06-29T20:27:51 IST" name="testAdmin" finished-at="2024-06-29T20:27:53 IST" duration-ms="1795" status="PASS">
          <reporter-output>
          </reporter-output>
        </test-method> <!-- testAdmin -->
        <test-method signature="testLogout()[pri:0, instance:com.learning.OrangeHRMTest@32eff876]" started-at="2024-06-29T20:27:53 IST" name="testLogout" finished-at="2024-06-29T20:27:54 IST" duration-ms="977" status="PASS">
          <reporter-output>
          </reporter-output>
        </test-method> <!-- testLogout -->
      </class> <!-- com.learning.OrangeHRMTest -->
    </test> <!-- Test -->
  </suite> <!-- Suite -->
</testng-results>
